<?xml version="1.0" encoding="UTF-8"?>
<!-- Generated by org.testng.reporters.JUnitXMLReporter -->
<testsuite ignored="0" hostname="01wxdv001057" failures="1" tests="1" name="BStackDemo-0" time="8.504" errors="0" timestamp="2024-02-02T10:51:54 EST">
  <testcase classname="com.browserstack.BStackDemoTest" name="addProductToCart" time="3.994">
    <failure type="java.lang.AssertionError" message="expected [true] but found [false]">
      <![CDATA[java.lang.AssertionError: expected [true] but found [false]
at com.browserstack.BStackDemoTest.addProductToCart(BStackDemoTest.java:15)
at java.base/java.util.ArrayList.forEach(ArrayList.java:1511)
... Removed 34 stack frames]]>
    </failure>
  </testcase> <!-- addProductToCart -->
</testsuite> <!-- BStackDemo-0 -->
