<?xml version="1.0" encoding="UTF-8"?>
<!-- Generated by org.testng.reporters.JUnitXMLReporter -->
<testsuite ignored="0" hostname="01wxdv001057" failures="1" tests="1" name="PremierTest-0" time="10.702" errors="0" timestamp="2024-02-14T13:27:24 EST">
  <testcase classname="com.browserstack.PremierTest" name="addProductToCart" time="1.117">
    <failure type="java.lang.AssertionError" message="expected [true] but found [false]">
      <![CDATA[java.lang.AssertionError: expected [true] but found [false]
at com.browserstack.PremierTest.addProductToCart(PremierTest.java:17)
at java.base/java.util.ArrayList.forEach(ArrayList.java:1511)
... Removed 34 stack frames]]>
    </failure>
  </testcase> <!-- addProductToCart -->
</testsuite> <!-- PremierTest-0 -->
