-------------------------------------------------------------------------------
Test set: TestSuite
-------------------------------------------------------------------------------
Tests run: 1, Failures: 1, Errors: 0, Skipped: 0, Time elapsed: 11.8 sec <<< FAILURE! - in TestSuite
addProductToCart(com.browserstack.PremierTest)  Time elapsed: 1.221 sec  <<< FAILURE!
java.lang.AssertionError: expected [true] but found [false]
	at com.browserstack.PremierTest.addProductToCart(PremierTest.java:17)

