<?xml version="1.0" encoding="UTF-8"?>
<testng-results ignored="0" total="1" passed="1" failed="0" skipped="0">
  <reporter-output>
  </reporter-output>
  <suite started-at="2024-06-18T08:19:21 HAE" name="Cross-Platform" finished-at="2024-06-18T08:21:16 HAE" duration-ms="114559">
    <groups>
    </groups>
    <test started-at="2024-06-18T08:19:21 HAE" name="Mobilebis_EAQSWT_SEL_Habitation_proprietaire-0" finished-at="2024-06-18T08:21:16 HAE" duration-ms="114559">
      <class name="com.browserstack.Mobilebis_EAQSWT_SEL_Habitation_proprietaire">
        <test-method is-config="true" signature="setUp()[pri:0, instance:com.browserstack.Mobilebis_EAQSWT_SEL_Habitation_proprietaire@710d7aff]" started-at="2024-06-18T08:19:21 HAE" name="setUp" finished-at="2024-06-18T08:19:30 HAE" duration-ms="9072" status="PASS">
          <reporter-output>
          </reporter-output>
        </test-method> <!-- setUp -->
        <test-method signature="Soumission_simple()[pri:0, instance:com.browserstack.Mobilebis_EAQSWT_SEL_Habitation_proprietaire@710d7aff]" started-at="2024-06-18T08:19:30 HAE" name="Soumission_simple" finished-at="2024-06-18T08:21:14 HAE" duration-ms="103239" status="PASS">
          <reporter-output>
          </reporter-output>
        </test-method> <!-- Soumission_simple -->
        <test-method is-config="true" signature="tearDown()[pri:0, instance:com.browserstack.Mobilebis_EAQSWT_SEL_Habitation_proprietaire@710d7aff]" started-at="2024-06-18T08:21:14 HAE" name="tearDown" finished-at="2024-06-18T08:21:16 HAE" duration-ms="1722" status="PASS">
          <reporter-output>
          </reporter-output>
        </test-method> <!-- tearDown -->
      </class> <!-- com.browserstack.Mobilebis_EAQSWT_SEL_Habitation_proprietaire -->
    </test> <!-- Mobilebis_EAQSWT_SEL_Habitation_proprietaire-0 -->
  </suite> <!-- Cross-Platform -->
</testng-results>
