<?xml version="1.0" encoding="UTF-8"?>
<testsuite xmlns:xsi="http://www.w3.org/2001/XMLSchema-instance" xsi:schemaLocation="https://maven.apache.org/surefire/maven-surefire-plugin/xsd/surefire-test-report.xsd" name="TestSuite" time="11.8" tests="1" errors="0" skipped="0" failures="1">
  <properties>
[...]
</properties>
  <testcase name="addProductToCart" classname="com.browserstack.PremierTest" time="1.221">
    <failure message="expected [true] but found [false]" type="java.lang.AssertionError">java.lang.AssertionError: expected [true] but found [false]
	at com.browserstack.PremierTest.addProductToCart(PremierTest.java:17)
</failure>
    <system-out><![CDATA[Title: Kong Error
]]></system-out>
    <system-err><![CDATA[févr. 14, 2024 1:27:22 PM org.openqa.selenium.devtools.CdpEndpointFinder getCdpEndPoint
AVERTISSEMENT: Unable to connect to determine websocket url: java.net.ConnectException
]]></system-err>
  </testcase>
</testsuite>